<?xml version="1.0" encoding="UTF-8"?>
<!-- Generated by org.testng.reporters.JUnitXMLReporter -->
<testsuite hostname="Juans-MacBook-Pro-2.local" name="Default test(failed)" tests="1" failures="1" timestamp="2 May 2016 20:33:17 GMT" time="17.411" errors="0">
  <testcase name="Test1" time="0.001" classname="com.talos.selenium.viamericasQA.TestCases">
    <failure type="java.lang.NullPointerException">
      <![CDATA[java.lang.NullPointerException
	at com.talos.selenium.objectpages.Login.LogintoViamericas(Login.java:26)
	at com.talos.selenium.viamericasQA.TestCases.Test1(TestCases.java:36)
... Removed 24 stack frames]]>
    </failure>
  </testcase> <!-- Test1 -->
</testsuite> <!-- Default test(failed) -->
