<?xml version="1.0" encoding="UTF-8" ?>
<testsuite tests="14" failures="6" name="TestSuite" time="197.718" errors="0" skipped="0">
  <properties>
[...]
</properties>
  <testcase classname="com.talos.selenium.viamericasQA.TestBankCash" name="DestinationInfo" time="37.614">
    <failure message="Unable to locate element: {&quot;method&quot;:&quot;xpath&quot;,&quot;selector&quot;:&quot;html/body/div[1]/div/div[1]/div[2]/div/div/div/div[2]/div[2]/form/div[1]/div[2]/div/dropdown-viamericas/div/i&quot;}
Command duration or timeout: 30.07 seconds
For documentation on this error, please visit: http://seleniumhq.org/exceptions/no_such_element.html
Build info: version: &apos;2.53.0&apos;, revision: &apos;35ae25b1534ae328c771e0856c93e187490ca824&apos;, time: &apos;2016-03-15 10:43:46&apos;
System info: host: &apos;Juans-MacBook-Pro-2.local&apos;, ip: &apos;172.20.99.254&apos;, os.name: &apos;Mac OS X&apos;, os.arch: &apos;x86_64&apos;, os.version: &apos;10.11.5&apos;, java.version: &apos;1.8.0_45&apos;
Driver info: org.openqa.selenium.firefox.FirefoxDriver
Capabilities [{applicationCacheEnabled=true, rotatable=false, handlesAlerts=true, databaseEnabled=true, version=46.0.1, platform=MAC, nativeEvents=false, acceptSslCerts=true, webStorageEnabled=true, locationContextEnabled=true, browserName=firefox, takesScreenshot=true, javascriptEnabled=true, cssSelectorsEnabled=true}]
Session ID: 5ede9086-24b9-3a4f-b8b9-0ebdb4f3794f
*** Element info: {Using=xpath, value=html/body/div[1]/div/div[1]/div[2]/div/div/div/div[2]/div[2]/form/div[1]/div[2]/div/dropdown-viamericas/div/i}" type="org.openqa.selenium.NoSuchElementException">org.openqa.selenium.NoSuchElementException: Unable to locate element: {&quot;method&quot;:&quot;xpath&quot;,&quot;selector&quot;:&quot;html/body/div[1]/div/div[1]/div[2]/div/div/div/div[2]/div[2]/form/div[1]/div[2]/div/dropdown-viamericas/div/i&quot;}
Command duration or timeout: 30.07 seconds
For documentation on this error, please visit: http://seleniumhq.org/exceptions/no_such_element.html
Build info: version: &apos;2.53.0&apos;, revision: &apos;35ae25b1534ae328c771e0856c93e187490ca824&apos;, time: &apos;2016-03-15 10:43:46&apos;
System info: host: &apos;Juans-MacBook-Pro-2.local&apos;, ip: &apos;172.20.99.254&apos;, os.name: &apos;Mac OS X&apos;, os.arch: &apos;x86_64&apos;, os.version: &apos;10.11.5&apos;, java.version: &apos;1.8.0_45&apos;
Driver info: org.openqa.selenium.firefox.FirefoxDriver
Capabilities [{applicationCacheEnabled=true, rotatable=false, handlesAlerts=true, databaseEnabled=true, version=46.0.1, platform=MAC, nativeEvents=false, acceptSslCerts=true, webStorageEnabled=true, locationContextEnabled=true, browserName=firefox, takesScreenshot=true, javascriptEnabled=true, cssSelectorsEnabled=true}]
Session ID: 5ede9086-24b9-3a4f-b8b9-0ebdb4f3794f
*** Element info: {Using=xpath, value=html/body/div[1]/div/div[1]/div[2]/div/div/div/div[2]/div[2]/form/div[1]/div[2]/div/dropdown-viamericas/div/i}
	at sun.reflect.NativeConstructorAccessorImpl.newInstance0(Native Method)
	at sun.reflect.NativeConstructorAccessorImpl.newInstance(NativeConstructorAccessorImpl.java:62)
	at sun.reflect.DelegatingConstructorAccessorImpl.newInstance(DelegatingConstructorAccessorImpl.java:45)
	at java.lang.reflect.Constructor.newInstance(Constructor.java:422)
	at org.openqa.selenium.remote.ErrorHandler.createThrowable(ErrorHandler.java:206)
	at org.openqa.selenium.remote.ErrorHandler.throwIfResponseFailed(ErrorHandler.java:158)
	at org.openqa.selenium.remote.RemoteWebDriver.execute(RemoteWebDriver.java:678)
	at org.openqa.selenium.remote.RemoteWebDriver.findElement(RemoteWebDriver.java:363)
	at org.openqa.selenium.remote.RemoteWebDriver.findElementByXPath(RemoteWebDriver.java:500)
	at org.openqa.selenium.By$ByXPath.findElement(By.java:361)
	at org.openqa.selenium.remote.RemoteWebDriver.findElement(RemoteWebDriver.java:355)
	at com.talos.selenium.objectpages.AmountInfo.enterSendAmountBankDeposit(AmountInfo.java:43)
	at com.talos.selenium.viamericasQA.TestBankCash.DestinationInfo(TestBankCash.java:34)
Caused by: org.openqa.selenium.NoSuchElementException: Unable to locate element: {&quot;method&quot;:&quot;xpath&quot;,&quot;selector&quot;:&quot;html/body/div[1]/div/div[1]/div[2]/div/div/div/div[2]/div[2]/form/div[1]/div[2]/div/dropdown-viamericas/div/i&quot;}
For documentation on this error, please visit: http://seleniumhq.org/exceptions/no_such_element.html
Build info: version: &apos;2.53.0&apos;, revision: &apos;35ae25b1534ae328c771e0856c93e187490ca824&apos;, time: &apos;2016-03-15 10:43:46&apos;
System info: host: &apos;Juans-MacBook-Pro-2.local&apos;, ip: &apos;172.20.99.254&apos;, os.name: &apos;Mac OS X&apos;, os.arch: &apos;x86_64&apos;, os.version: &apos;10.11.5&apos;, java.version: &apos;1.8.0_45&apos;
Driver info: driver.version: unknown
	at &lt;anonymous class&gt;.FirefoxDriver.prototype.findElementInternal_(file:///var/folders/gh/pjbwtf491md1kvh8s4qnch9r0000gp/T/anonymous2968868860537295095webdriver-profile/extensions/fxdriver@googlecode.com/components/driver-component.js:10770)
	at &lt;anonymous class&gt;.fxdriver.Timer.prototype.setTimeout/&lt;.notify(file:///var/folders/gh/pjbwtf491md1kvh8s4qnch9r0000gp/T/anonymous2968868860537295095webdriver-profile/extensions/fxdriver@googlecode.com/components/driver-component.js:625)
</failure>
    <system-out>Configuring TestNG with: org.apache.maven.surefire.testng.conf.TestNG652Configurator@48cf768c
</system-out>
  </testcase>
  <testcase classname="com.talos.selenium.viamericasQA.TestBankCreditCard" name="DestinationInfo" time="30.076">
    <failure message="Element is not currently visible and so may not be interacted with
Command duration or timeout: 30.06 seconds
Build info: version: &apos;2.53.0&apos;, revision: &apos;35ae25b1534ae328c771e0856c93e187490ca824&apos;, time: &apos;2016-03-15 10:43:46&apos;
System info: host: &apos;Juans-MacBook-Pro-2.local&apos;, ip: &apos;172.20.99.254&apos;, os.name: &apos;Mac OS X&apos;, os.arch: &apos;x86_64&apos;, os.version: &apos;10.11.5&apos;, java.version: &apos;1.8.0_45&apos;
Driver info: org.openqa.selenium.firefox.FirefoxDriver
Capabilities [{applicationCacheEnabled=true, rotatable=false, handlesAlerts=true, databaseEnabled=true, version=46.0.1, platform=MAC, nativeEvents=false, acceptSslCerts=true, webStorageEnabled=true, locationContextEnabled=true, browserName=firefox, takesScreenshot=true, javascriptEnabled=true, cssSelectorsEnabled=true}]
Session ID: 5ede9086-24b9-3a4f-b8b9-0ebdb4f3794f" type="org.openqa.selenium.ElementNotVisibleException">org.openqa.selenium.ElementNotVisibleException: Element is not currently visible and so may not be interacted with
Command duration or timeout: 30.06 seconds
Build info: version: &apos;2.53.0&apos;, revision: &apos;35ae25b1534ae328c771e0856c93e187490ca824&apos;, time: &apos;2016-03-15 10:43:46&apos;
System info: host: &apos;Juans-MacBook-Pro-2.local&apos;, ip: &apos;172.20.99.254&apos;, os.name: &apos;Mac OS X&apos;, os.arch: &apos;x86_64&apos;, os.version: &apos;10.11.5&apos;, java.version: &apos;1.8.0_45&apos;
Driver info: org.openqa.selenium.firefox.FirefoxDriver
Capabilities [{applicationCacheEnabled=true, rotatable=false, handlesAlerts=true, databaseEnabled=true, version=46.0.1, platform=MAC, nativeEvents=false, acceptSslCerts=true, webStorageEnabled=true, locationContextEnabled=true, browserName=firefox, takesScreenshot=true, javascriptEnabled=true, cssSelectorsEnabled=true}]
Session ID: 5ede9086-24b9-3a4f-b8b9-0ebdb4f3794f
	at sun.reflect.NativeConstructorAccessorImpl.newInstance0(Native Method)
	at sun.reflect.NativeConstructorAccessorImpl.newInstance(NativeConstructorAccessorImpl.java:62)
	at sun.reflect.DelegatingConstructorAccessorImpl.newInstance(DelegatingConstructorAccessorImpl.java:45)
	at java.lang.reflect.Constructor.newInstance(Constructor.java:422)
	at org.openqa.selenium.remote.ErrorHandler.createThrowable(ErrorHandler.java:206)
	at org.openqa.selenium.remote.ErrorHandler.throwIfResponseFailed(ErrorHandler.java:158)
	at org.openqa.selenium.remote.RemoteWebDriver.execute(RemoteWebDriver.java:678)
	at org.openqa.selenium.remote.RemoteWebElement.execute(RemoteWebElement.java:327)
	at org.openqa.selenium.remote.RemoteWebElement.click(RemoteWebElement.java:85)
	at com.talos.selenium.objectpages.Login.LogintoViamericas(Login.java:24)
	at com.talos.selenium.viamericasQA.TestBankCreditCard.DestinationInfo(TestBankCreditCard.java:31)
Caused by: org.openqa.selenium.ElementNotVisibleException: Element is not currently visible and so may not be interacted with
Build info: version: &apos;2.53.0&apos;, revision: &apos;35ae25b1534ae328c771e0856c93e187490ca824&apos;, time: &apos;2016-03-15 10:43:46&apos;
System info: host: &apos;Juans-MacBook-Pro-2.local&apos;, ip: &apos;172.20.99.254&apos;, os.name: &apos;Mac OS X&apos;, os.arch: &apos;x86_64&apos;, os.version: &apos;10.11.5&apos;, java.version: &apos;1.8.0_45&apos;
Driver info: driver.version: unknown
	at &lt;anonymous class&gt;.fxdriver.preconditions.visible(file:///var/folders/gh/pjbwtf491md1kvh8s4qnch9r0000gp/T/anonymous2968868860537295095webdriver-profile/extensions/fxdriver@googlecode.com/components/command-processor.js:10092)
	at &lt;anonymous class&gt;.DelayedCommand.prototype.checkPreconditions_(file:///var/folders/gh/pjbwtf491md1kvh8s4qnch9r0000gp/T/anonymous2968868860537295095webdriver-profile/extensions/fxdriver@googlecode.com/components/command-processor.js:12644)
	at &lt;anonymous class&gt;.DelayedCommand.prototype.executeInternal_/h(file:///var/folders/gh/pjbwtf491md1kvh8s4qnch9r0000gp/T/anonymous2968868860537295095webdriver-profile/extensions/fxdriver@googlecode.com/components/command-processor.js:12661)
	at &lt;anonymous class&gt;.fxdriver.Timer.prototype.setTimeout/&lt;.notify(file:///var/folders/gh/pjbwtf491md1kvh8s4qnch9r0000gp/T/anonymous2968868860537295095webdriver-profile/extensions/fxdriver@googlecode.com/components/command-processor.js:625)
</failure>
    <system-out>Screenshot taken
</system-out>
  </testcase>
  <testcase classname="com.talos.selenium.viamericasQA.TestCases" name="CheckGetaQuote" time="1.906"/>
  <testcase classname="com.talos.selenium.viamericasQA.TestCases" name="CheckHowitWork" time="1.407"/>
  <testcase classname="com.talos.selenium.viamericasQA.TestCases" name="CheckLocation" time="1.263"/>
  <testcase classname="com.talos.selenium.viamericasQA.TestCases" name="CheckLogin" time="30.068">
    <failure message="Element is not currently visible and so may not be interacted with
Command duration or timeout: 30.05 seconds
Build info: version: &apos;2.53.0&apos;, revision: &apos;35ae25b1534ae328c771e0856c93e187490ca824&apos;, time: &apos;2016-03-15 10:43:46&apos;
System info: host: &apos;Juans-MacBook-Pro-2.local&apos;, ip: &apos;172.20.99.254&apos;, os.name: &apos;Mac OS X&apos;, os.arch: &apos;x86_64&apos;, os.version: &apos;10.11.5&apos;, java.version: &apos;1.8.0_45&apos;
Driver info: org.openqa.selenium.firefox.FirefoxDriver
Capabilities [{applicationCacheEnabled=true, rotatable=false, handlesAlerts=true, databaseEnabled=true, version=46.0.1, platform=MAC, nativeEvents=false, acceptSslCerts=true, webStorageEnabled=true, locationContextEnabled=true, browserName=firefox, takesScreenshot=true, javascriptEnabled=true, cssSelectorsEnabled=true}]
Session ID: 5ede9086-24b9-3a4f-b8b9-0ebdb4f3794f" type="org.openqa.selenium.ElementNotVisibleException">org.openqa.selenium.ElementNotVisibleException: Element is not currently visible and so may not be interacted with
Command duration or timeout: 30.05 seconds
Build info: version: &apos;2.53.0&apos;, revision: &apos;35ae25b1534ae328c771e0856c93e187490ca824&apos;, time: &apos;2016-03-15 10:43:46&apos;
System info: host: &apos;Juans-MacBook-Pro-2.local&apos;, ip: &apos;172.20.99.254&apos;, os.name: &apos;Mac OS X&apos;, os.arch: &apos;x86_64&apos;, os.version: &apos;10.11.5&apos;, java.version: &apos;1.8.0_45&apos;
Driver info: org.openqa.selenium.firefox.FirefoxDriver
Capabilities [{applicationCacheEnabled=true, rotatable=false, handlesAlerts=true, databaseEnabled=true, version=46.0.1, platform=MAC, nativeEvents=false, acceptSslCerts=true, webStorageEnabled=true, locationContextEnabled=true, browserName=firefox, takesScreenshot=true, javascriptEnabled=true, cssSelectorsEnabled=true}]
Session ID: 5ede9086-24b9-3a4f-b8b9-0ebdb4f3794f
	at sun.reflect.NativeConstructorAccessorImpl.newInstance0(Native Method)
	at sun.reflect.NativeConstructorAccessorImpl.newInstance(NativeConstructorAccessorImpl.java:62)
	at sun.reflect.DelegatingConstructorAccessorImpl.newInstance(DelegatingConstructorAccessorImpl.java:45)
	at java.lang.reflect.Constructor.newInstance(Constructor.java:422)
	at org.openqa.selenium.remote.ErrorHandler.createThrowable(ErrorHandler.java:206)
	at org.openqa.selenium.remote.ErrorHandler.throwIfResponseFailed(ErrorHandler.java:158)
	at org.openqa.selenium.remote.RemoteWebDriver.execute(RemoteWebDriver.java:678)
	at org.openqa.selenium.remote.RemoteWebElement.execute(RemoteWebElement.java:327)
	at org.openqa.selenium.remote.RemoteWebElement.click(RemoteWebElement.java:85)
	at com.talos.selenium.objectpages.Login.LogintoViamericas(Login.java:24)
	at com.talos.selenium.viamericasQA.TestCases.CheckLogin(TestCases.java:23)
Caused by: org.openqa.selenium.ElementNotVisibleException: Element is not currently visible and so may not be interacted with
Build info: version: &apos;2.53.0&apos;, revision: &apos;35ae25b1534ae328c771e0856c93e187490ca824&apos;, time: &apos;2016-03-15 10:43:46&apos;
System info: host: &apos;Juans-MacBook-Pro-2.local&apos;, ip: &apos;172.20.99.254&apos;, os.name: &apos;Mac OS X&apos;, os.arch: &apos;x86_64&apos;, os.version: &apos;10.11.5&apos;, java.version: &apos;1.8.0_45&apos;
Driver info: driver.version: unknown
	at &lt;anonymous class&gt;.fxdriver.preconditions.visible(file:///var/folders/gh/pjbwtf491md1kvh8s4qnch9r0000gp/T/anonymous2968868860537295095webdriver-profile/extensions/fxdriver@googlecode.com/components/command-processor.js:10092)
	at &lt;anonymous class&gt;.DelayedCommand.prototype.checkPreconditions_(file:///var/folders/gh/pjbwtf491md1kvh8s4qnch9r0000gp/T/anonymous2968868860537295095webdriver-profile/extensions/fxdriver@googlecode.com/components/command-processor.js:12644)
	at &lt;anonymous class&gt;.DelayedCommand.prototype.executeInternal_/h(file:///var/folders/gh/pjbwtf491md1kvh8s4qnch9r0000gp/T/anonymous2968868860537295095webdriver-profile/extensions/fxdriver@googlecode.com/components/command-processor.js:12661)
	at &lt;anonymous class&gt;.fxdriver.Timer.prototype.setTimeout/&lt;.notify(file:///var/folders/gh/pjbwtf491md1kvh8s4qnch9r0000gp/T/anonymous2968868860537295095webdriver-profile/extensions/fxdriver@googlecode.com/components/command-processor.js:625)
</failure>
  </testcase>
  <testcase classname="com.talos.selenium.viamericasQA.TestCases" name="CheckTransactionHistory" time="1.914"/>
  <testcase classname="com.talos.selenium.viamericasQA.TestPages" name="checkAgentsPage" time="0.128"/>
  <testcase classname="com.talos.selenium.viamericasQA.TestPages" name="checkCarrersPage" time="1.184"/>
  <testcase classname="com.talos.selenium.viamericasQA.TestPages" name="checkNewsPage" time="0.188"/>
  <testcase classname="com.talos.selenium.viamericasQA.TestPages" name="checkcustomeragreement" time="30.92">
    <failure message="Element is not currently visible and so may not be interacted with
Command duration or timeout: 30.11 seconds
Build info: version: &apos;2.53.0&apos;, revision: &apos;35ae25b1534ae328c771e0856c93e187490ca824&apos;, time: &apos;2016-03-15 10:43:46&apos;
System info: host: &apos;Juans-MacBook-Pro-2.local&apos;, ip: &apos;172.20.99.254&apos;, os.name: &apos;Mac OS X&apos;, os.arch: &apos;x86_64&apos;, os.version: &apos;10.11.5&apos;, java.version: &apos;1.8.0_45&apos;
Driver info: org.openqa.selenium.firefox.FirefoxDriver
Capabilities [{applicationCacheEnabled=true, rotatable=false, handlesAlerts=true, databaseEnabled=true, version=46.0.1, platform=MAC, nativeEvents=false, acceptSslCerts=true, webStorageEnabled=true, locationContextEnabled=true, browserName=firefox, takesScreenshot=true, javascriptEnabled=true, cssSelectorsEnabled=true}]
Session ID: 5ede9086-24b9-3a4f-b8b9-0ebdb4f3794f" type="org.openqa.selenium.ElementNotVisibleException">org.openqa.selenium.ElementNotVisibleException: Element is not currently visible and so may not be interacted with
Command duration or timeout: 30.11 seconds
Build info: version: &apos;2.53.0&apos;, revision: &apos;35ae25b1534ae328c771e0856c93e187490ca824&apos;, time: &apos;2016-03-15 10:43:46&apos;
System info: host: &apos;Juans-MacBook-Pro-2.local&apos;, ip: &apos;172.20.99.254&apos;, os.name: &apos;Mac OS X&apos;, os.arch: &apos;x86_64&apos;, os.version: &apos;10.11.5&apos;, java.version: &apos;1.8.0_45&apos;
Driver info: org.openqa.selenium.firefox.FirefoxDriver
Capabilities [{applicationCacheEnabled=true, rotatable=false, handlesAlerts=true, databaseEnabled=true, version=46.0.1, platform=MAC, nativeEvents=false, acceptSslCerts=true, webStorageEnabled=true, locationContextEnabled=true, browserName=firefox, takesScreenshot=true, javascriptEnabled=true, cssSelectorsEnabled=true}]
Session ID: 5ede9086-24b9-3a4f-b8b9-0ebdb4f3794f
	at sun.reflect.NativeConstructorAccessorImpl.newInstance0(Native Method)
	at sun.reflect.NativeConstructorAccessorImpl.newInstance(NativeConstructorAccessorImpl.java:62)
	at sun.reflect.DelegatingConstructorAccessorImpl.newInstance(DelegatingConstructorAccessorImpl.java:45)
	at java.lang.reflect.Constructor.newInstance(Constructor.java:422)
	at org.openqa.selenium.remote.ErrorHandler.createThrowable(ErrorHandler.java:206)
	at org.openqa.selenium.remote.ErrorHandler.throwIfResponseFailed(ErrorHandler.java:158)
	at org.openqa.selenium.remote.RemoteWebDriver.execute(RemoteWebDriver.java:678)
	at org.openqa.selenium.remote.RemoteWebElement.execute(RemoteWebElement.java:327)
	at org.openqa.selenium.remote.RemoteWebElement.click(RemoteWebElement.java:85)
	at com.talos.selenium.objectpages.Login.LogintoViamericas(Login.java:24)
	at com.talos.selenium.viamericasQA.TestPages.checkcustomeragreement(TestPages.java:23)
Caused by: org.openqa.selenium.ElementNotVisibleException: Element is not currently visible and so may not be interacted with
Build info: version: &apos;2.53.0&apos;, revision: &apos;35ae25b1534ae328c771e0856c93e187490ca824&apos;, time: &apos;2016-03-15 10:43:46&apos;
System info: host: &apos;Juans-MacBook-Pro-2.local&apos;, ip: &apos;172.20.99.254&apos;, os.name: &apos;Mac OS X&apos;, os.arch: &apos;x86_64&apos;, os.version: &apos;10.11.5&apos;, java.version: &apos;1.8.0_45&apos;
Driver info: driver.version: unknown
	at &lt;anonymous class&gt;.fxdriver.preconditions.visible(file:///var/folders/gh/pjbwtf491md1kvh8s4qnch9r0000gp/T/anonymous2968868860537295095webdriver-profile/extensions/fxdriver@googlecode.com/components/command-processor.js:10092)
	at &lt;anonymous class&gt;.DelayedCommand.prototype.checkPreconditions_(file:///var/folders/gh/pjbwtf491md1kvh8s4qnch9r0000gp/T/anonymous2968868860537295095webdriver-profile/extensions/fxdriver@googlecode.com/components/command-processor.js:12644)
	at &lt;anonymous class&gt;.DelayedCommand.prototype.executeInternal_/h(file:///var/folders/gh/pjbwtf491md1kvh8s4qnch9r0000gp/T/anonymous2968868860537295095webdriver-profile/extensions/fxdriver@googlecode.com/components/command-processor.js:12661)
	at &lt;anonymous class&gt;.fxdriver.Timer.prototype.setTimeout/&lt;.notify(file:///var/folders/gh/pjbwtf491md1kvh8s4qnch9r0000gp/T/anonymous2968868860537295095webdriver-profile/extensions/fxdriver@googlecode.com/components/command-processor.js:625)
</failure>
  </testcase>
  <testcase classname="com.talos.selenium.viamericasQA.TestPages" name="checkprivacy" time="0.361"/>
  <testcase classname="com.talos.selenium.viamericasQA.TestSendMoney" name="DestinationInfo" time="30.582">
    <failure message="Element is not currently visible and so may not be interacted with
Command duration or timeout: 30.03 seconds
Build info: version: &apos;2.53.0&apos;, revision: &apos;35ae25b1534ae328c771e0856c93e187490ca824&apos;, time: &apos;2016-03-15 10:43:46&apos;
System info: host: &apos;Juans-MacBook-Pro-2.local&apos;, ip: &apos;172.20.99.254&apos;, os.name: &apos;Mac OS X&apos;, os.arch: &apos;x86_64&apos;, os.version: &apos;10.11.5&apos;, java.version: &apos;1.8.0_45&apos;
Driver info: org.openqa.selenium.firefox.FirefoxDriver
Capabilities [{applicationCacheEnabled=true, rotatable=false, handlesAlerts=true, databaseEnabled=true, version=46.0.1, platform=MAC, nativeEvents=false, acceptSslCerts=true, webStorageEnabled=true, locationContextEnabled=true, browserName=firefox, takesScreenshot=true, javascriptEnabled=true, cssSelectorsEnabled=true}]
Session ID: 5ede9086-24b9-3a4f-b8b9-0ebdb4f3794f" type="org.openqa.selenium.ElementNotVisibleException">org.openqa.selenium.ElementNotVisibleException: Element is not currently visible and so may not be interacted with
Command duration or timeout: 30.03 seconds
Build info: version: &apos;2.53.0&apos;, revision: &apos;35ae25b1534ae328c771e0856c93e187490ca824&apos;, time: &apos;2016-03-15 10:43:46&apos;
System info: host: &apos;Juans-MacBook-Pro-2.local&apos;, ip: &apos;172.20.99.254&apos;, os.name: &apos;Mac OS X&apos;, os.arch: &apos;x86_64&apos;, os.version: &apos;10.11.5&apos;, java.version: &apos;1.8.0_45&apos;
Driver info: org.openqa.selenium.firefox.FirefoxDriver
Capabilities [{applicationCacheEnabled=true, rotatable=false, handlesAlerts=true, databaseEnabled=true, version=46.0.1, platform=MAC, nativeEvents=false, acceptSslCerts=true, webStorageEnabled=true, locationContextEnabled=true, browserName=firefox, takesScreenshot=true, javascriptEnabled=true, cssSelectorsEnabled=true}]
Session ID: 5ede9086-24b9-3a4f-b8b9-0ebdb4f3794f
	at sun.reflect.NativeConstructorAccessorImpl.newInstance0(Native Method)
	at sun.reflect.NativeConstructorAccessorImpl.newInstance(NativeConstructorAccessorImpl.java:62)
	at sun.reflect.DelegatingConstructorAccessorImpl.newInstance(DelegatingConstructorAccessorImpl.java:45)
	at java.lang.reflect.Constructor.newInstance(Constructor.java:422)
	at org.openqa.selenium.remote.ErrorHandler.createThrowable(ErrorHandler.java:206)
	at org.openqa.selenium.remote.ErrorHandler.throwIfResponseFailed(ErrorHandler.java:158)
	at org.openqa.selenium.remote.RemoteWebDriver.execute(RemoteWebDriver.java:678)
	at org.openqa.selenium.remote.RemoteWebElement.execute(RemoteWebElement.java:327)
	at org.openqa.selenium.remote.RemoteWebElement.click(RemoteWebElement.java:85)
	at com.talos.selenium.objectpages.Login.LogintoViamericas(Login.java:24)
	at com.talos.selenium.viamericasQA.TestSendMoney.DestinationInfo(TestSendMoney.java:31)
Caused by: org.openqa.selenium.ElementNotVisibleException: Element is not currently visible and so may not be interacted with
Build info: version: &apos;2.53.0&apos;, revision: &apos;35ae25b1534ae328c771e0856c93e187490ca824&apos;, time: &apos;2016-03-15 10:43:46&apos;
System info: host: &apos;Juans-MacBook-Pro-2.local&apos;, ip: &apos;172.20.99.254&apos;, os.name: &apos;Mac OS X&apos;, os.arch: &apos;x86_64&apos;, os.version: &apos;10.11.5&apos;, java.version: &apos;1.8.0_45&apos;
Driver info: driver.version: unknown
	at &lt;anonymous class&gt;.fxdriver.preconditions.visible(file:///var/folders/gh/pjbwtf491md1kvh8s4qnch9r0000gp/T/anonymous2968868860537295095webdriver-profile/extensions/fxdriver@googlecode.com/components/command-processor.js:10092)
	at &lt;anonymous class&gt;.DelayedCommand.prototype.checkPreconditions_(file:///var/folders/gh/pjbwtf491md1kvh8s4qnch9r0000gp/T/anonymous2968868860537295095webdriver-profile/extensions/fxdriver@googlecode.com/components/command-processor.js:12644)
	at &lt;anonymous class&gt;.DelayedCommand.prototype.executeInternal_/h(file:///var/folders/gh/pjbwtf491md1kvh8s4qnch9r0000gp/T/anonymous2968868860537295095webdriver-profile/extensions/fxdriver@googlecode.com/components/command-processor.js:12661)
	at &lt;anonymous class&gt;.fxdriver.Timer.prototype.setTimeout/&lt;.notify(file:///var/folders/gh/pjbwtf491md1kvh8s4qnch9r0000gp/T/anonymous2968868860537295095webdriver-profile/extensions/fxdriver@googlecode.com/components/command-processor.js:625)
</failure>
  </testcase>
  <testcase classname="com.talos.selenium.viamericasQA.TestSigup" name="enternewuser" time="30.107">
    <failure message="Unable to locate element: {&quot;method&quot;:&quot;xpath&quot;,&quot;selector&quot;:&quot;html/body/div[1]/div/div[1]/div[2]/div/div/section[2]/div[5]/a[2]&quot;}
Command duration or timeout: 30.10 seconds
For documentation on this error, please visit: http://seleniumhq.org/exceptions/no_such_element.html
Build info: version: &apos;2.53.0&apos;, revision: &apos;35ae25b1534ae328c771e0856c93e187490ca824&apos;, time: &apos;2016-03-15 10:43:46&apos;
System info: host: &apos;Juans-MacBook-Pro-2.local&apos;, ip: &apos;172.20.99.254&apos;, os.name: &apos;Mac OS X&apos;, os.arch: &apos;x86_64&apos;, os.version: &apos;10.11.5&apos;, java.version: &apos;1.8.0_45&apos;
Driver info: org.openqa.selenium.firefox.FirefoxDriver
Capabilities [{applicationCacheEnabled=true, rotatable=false, handlesAlerts=true, databaseEnabled=true, version=46.0.1, platform=MAC, nativeEvents=false, acceptSslCerts=true, webStorageEnabled=true, locationContextEnabled=true, browserName=firefox, takesScreenshot=true, javascriptEnabled=true, cssSelectorsEnabled=true}]
Session ID: 5ede9086-24b9-3a4f-b8b9-0ebdb4f3794f
*** Element info: {Using=xpath, value=html/body/div[1]/div/div[1]/div[2]/div/div/section[2]/div[5]/a[2]}" type="org.openqa.selenium.NoSuchElementException">org.openqa.selenium.NoSuchElementException: Unable to locate element: {&quot;method&quot;:&quot;xpath&quot;,&quot;selector&quot;:&quot;html/body/div[1]/div/div[1]/div[2]/div/div/section[2]/div[5]/a[2]&quot;}
Command duration or timeout: 30.10 seconds
For documentation on this error, please visit: http://seleniumhq.org/exceptions/no_such_element.html
Build info: version: &apos;2.53.0&apos;, revision: &apos;35ae25b1534ae328c771e0856c93e187490ca824&apos;, time: &apos;2016-03-15 10:43:46&apos;
System info: host: &apos;Juans-MacBook-Pro-2.local&apos;, ip: &apos;172.20.99.254&apos;, os.name: &apos;Mac OS X&apos;, os.arch: &apos;x86_64&apos;, os.version: &apos;10.11.5&apos;, java.version: &apos;1.8.0_45&apos;
Driver info: org.openqa.selenium.firefox.FirefoxDriver
Capabilities [{applicationCacheEnabled=true, rotatable=false, handlesAlerts=true, databaseEnabled=true, version=46.0.1, platform=MAC, nativeEvents=false, acceptSslCerts=true, webStorageEnabled=true, locationContextEnabled=true, browserName=firefox, takesScreenshot=true, javascriptEnabled=true, cssSelectorsEnabled=true}]
Session ID: 5ede9086-24b9-3a4f-b8b9-0ebdb4f3794f
*** Element info: {Using=xpath, value=html/body/div[1]/div/div[1]/div[2]/div/div/section[2]/div[5]/a[2]}
	at sun.reflect.NativeConstructorAccessorImpl.newInstance0(Native Method)
	at sun.reflect.NativeConstructorAccessorImpl.newInstance(NativeConstructorAccessorImpl.java:62)
	at sun.reflect.DelegatingConstructorAccessorImpl.newInstance(DelegatingConstructorAccessorImpl.java:45)
	at java.lang.reflect.Constructor.newInstance(Constructor.java:422)
	at org.openqa.selenium.remote.ErrorHandler.createThrowable(ErrorHandler.java:206)
	at org.openqa.selenium.remote.ErrorHandler.throwIfResponseFailed(ErrorHandler.java:158)
	at org.openqa.selenium.remote.RemoteWebDriver.execute(RemoteWebDriver.java:678)
	at org.openqa.selenium.remote.RemoteWebDriver.findElement(RemoteWebDriver.java:363)
	at org.openqa.selenium.remote.RemoteWebDriver.findElementByXPath(RemoteWebDriver.java:500)
	at org.openqa.selenium.By$ByXPath.findElement(By.java:361)
	at org.openqa.selenium.remote.RemoteWebDriver.findElement(RemoteWebDriver.java:355)
	at com.talos.selenium.objectpages.HomePage.gotoToSignup(HomePage.java:78)
	at com.talos.selenium.viamericasQA.TestSigup.enternewuser(TestSigup.java:21)
Caused by: org.openqa.selenium.NoSuchElementException: Unable to locate element: {&quot;method&quot;:&quot;xpath&quot;,&quot;selector&quot;:&quot;html/body/div[1]/div/div[1]/div[2]/div/div/section[2]/div[5]/a[2]&quot;}
For documentation on this error, please visit: http://seleniumhq.org/exceptions/no_such_element.html
Build info: version: &apos;2.53.0&apos;, revision: &apos;35ae25b1534ae328c771e0856c93e187490ca824&apos;, time: &apos;2016-03-15 10:43:46&apos;
System info: host: &apos;Juans-MacBook-Pro-2.local&apos;, ip: &apos;172.20.99.254&apos;, os.name: &apos;Mac OS X&apos;, os.arch: &apos;x86_64&apos;, os.version: &apos;10.11.5&apos;, java.version: &apos;1.8.0_45&apos;
Driver info: driver.version: unknown
	at &lt;anonymous class&gt;.FirefoxDriver.prototype.findElementInternal_(file:///var/folders/gh/pjbwtf491md1kvh8s4qnch9r0000gp/T/anonymous2968868860537295095webdriver-profile/extensions/fxdriver@googlecode.com/components/driver-component.js:10770)
	at &lt;anonymous class&gt;.fxdriver.Timer.prototype.setTimeout/&lt;.notify(file:///var/folders/gh/pjbwtf491md1kvh8s4qnch9r0000gp/T/anonymous2968868860537295095webdriver-profile/extensions/fxdriver@googlecode.com/components/driver-component.js:625)
</failure>
    <system-out>Screenshot taken
</system-out>
  </testcase>
</testsuite>